<?xml version="1.0" encoding="utf-8"?><testsuites name="pytest tests"><testsuite name="pytest" errors="0" failures="0" skipped="0" tests="15" time="14.030" timestamp="2026-02-23T09:03:20.472295+00:00" hostname="agent-env-5fe4ab76-640b-469f-843a-ae6cc58074b5"><testcase classname="backend.tests.test_mosaic_api.TestHealthAndBasics" name="test_api_root" time="0.145" /><testcase classname="backend.tests.test_mosaic_api.TestHealthAndBasics" name="test_jobs_list" time="0.107" /><testcase classname="backend.tests.test_mosaic_api.TestTickerValidation" name="test_validate_valid_ticker" time="3.845" /><testcase classname="backend.tests.test_mosaic_api.TestTickerValidation" name="test_validate_another_ticker" time="5.514" /><testcase classname="backend.tests.test_mosaic_api.TestTickerValidation" name="test_validate_invalid_ticker" time="2.628" /><testcase classname="backend.tests.test_mosaic_api.TestJobCreation" name="test_create_job_returns_job" time="0.106" /><testcase classname="backend.tests.test_mosaic_api.TestJobProgress" name="test_get_completed_job_progress" time="0.218" /><testcase classname="backend.tests.test_mosaic_api.TestJobResults" name="test_get_completed_job_result" time="0.206" /><testcase classname="backend.tests.test_mosaic_api.TestJobResults" name="test_result_has_thesis_content" time="0.202" /><testcase classname="backend.tests.test_mosaic_api.TestExcelDownload" name="test_download_excel_returns_file" time="0.209" /><testcase classname="backend.tests.test_mosaic_api.TestExcelDownload" name="test_excel_is_valid_xlsx" time="0.367" /><testcase classname="backend.tests.test_mosaic_api.TestCacheEndpoints" name="test_cache_status" time="0.102" /><testcase classname="backend.tests.test_mosaic_api.TestCacheEndpoints" name="test_cached_tickers_list" time="0.118" /><testcase classname="backend.tests.test_mosaic_api.TestErrorHandling" name="test_job_not_found" time="0.101" /><testcase classname="backend.tests.test_mosaic_api.TestErrorHandling" name="test_result_not_found" time="0.096" /></testsuite></testsuites>